============================================================
  Generated by:           Genus(TM) Synthesis Solution 19.15-s090_1
  Generated on:           Jun 12 2024  12:27:09 am
  Module:                 riscv_top
  Library domain:         ss_100C_1v60.setup_cond
    Domain index:         0
    Technology libraries: sky130_fd_sc_hd__ss_100C_1v60 1.0000000000
                          sky130_ef_io__gpiov2_pad_wrapped_ss_ss_100C_1v60_3v00 1.0
                          sky130_ef_io__vccd_lvc_clamped3_pad_ss_100C_1v60_3v00_3v00 1.0000000
                          sky130_ef_io__vccd_lvc_clamped_pad_ss_100C_1v60_3v00_3v00 1.0000000
                          sky130_ef_io__vdda_hvc_clamped_pad_ss_100C_1v60_3v00_3v00 1.0000000
                          sky130_ef_io__vddio_hvc_clamped_pad_ss_100C_1v60_3v00_3v00 1.0000000
                          sky130_ef_io__vssa_hvc_clamped_pad_ss_100C_1v60_3v00_3v00 1.0000000
                          sky130_ef_io__vssd_lvc_clamped3_pad_ss_100C_1v60_3v00 1.0
                          sky130_ef_io__vssd_lvc_clamped_pad_ss_100C_1v60_3v00 1.0
                          sky130_ef_io__vssio_hvc_clamped_pad_ss_100C_1v60_3v00_3v00 1.0000000
                          sky130_fd_io__top_gpiov2_ss_ss_100C_1v60_3v00 1.0
                          sky130_fd_io__top_ground_hvc_wpad_ss_100C_1v60_3v00_3v00 1.0000000
                          sky130_fd_io__top_ground_lvc_wpad_ss_100C_1v60_3v00 1.0
                          sky130_fd_io__top_power_hvc_wpad_ss_100C_1v60_3v00_3v00 1.0000000
                          sky130_fd_io__top_power_lvc_wpad_ss_100C_1v60_3v00_3v00 1.0000000
                          sky130_fd_io__top_xres4v2_ss_ss_100C_1v60_3v00 1.0
                          sram22_1024x32m8w8 1.0
                          sram22_64x32m4w32 1.0
                          sram22_1024x32m8w32 1.0
                          sram22_512x32m4w32 1.0
                          sram22_2048x32m8w8 1.0
                          sram22_512x32m4w8 1.0
                          sram22_4096x32m8w8 1.0
                          sram22_64x4m4w2 1.0
                          sram22_256x32m4w8 1.0
                          sram22_4096x8m8w8 1.0
                          sram22_64x32m4w8 1.0
                          sram22_64x24m4w24 1.0
                          sram22_512x64m4w8 1.0
  Operating conditions:   ss_100C_1v60 
  Interconnect mode:      global
  Area mode:              physical library
============================================================

        Instance                        Module                 Cell Count   Cell Area  Net Area   Total Area 
-------------------------------------------------------------------------------------------------------------
riscv_top                                                            9387 1078472.500 54293.012  1132765.513 
  mem                   Memory151                                    2178 1006976.430  9205.136  1016181.566 
    dcache              cache_1                                      1129  504841.388  5000.898   509842.285 
      hold_instr_reg    REGISTER_R_CE_N32_738                          67     869.584   115.387      984.971 
    icache              cache                                         854  500978.933  3362.068   504341.001 
      hold_instr_reg    REGISTER_R_CE_N32                              67     869.584   115.387      984.971 
    arbiter             riscv_arbiter                                 128     835.802   351.644     1187.446 
  cpu                   Riscv151                                     7178   71100.691 42607.485   113708.176 
    rf2                 ASYNC_2R1WRAM_JWSTYLE_DEPTH32_WIDTH32        3465   40819.149 21895.472    62714.621 
      genblk1[31].reg_x REGISTER_N32_697                               32     640.614     0.000      640.614 
      genblk1[30].reg_x REGISTER_N32_698                               32     640.614     0.000      640.614 
      genblk1[29].reg_x REGISTER_N32_699                               32     640.614     0.000      640.614 
      genblk1[28].reg_x REGISTER_N32_700                               32     640.614     0.000      640.614 
      genblk1[27].reg_x REGISTER_N32_701                               32     640.614     0.000      640.614 
      genblk1[26].reg_x REGISTER_N32_702                               32     640.614     0.000      640.614 
      genblk1[25].reg_x REGISTER_N32_703                               32     640.614     0.000      640.614 
      genblk1[24].reg_x REGISTER_N32_704                               32     640.614     0.000      640.614 
      genblk1[23].reg_x REGISTER_N32_705                               32     640.614     0.000      640.614 
      genblk1[22].reg_x REGISTER_N32_706                               32     640.614     0.000      640.614 
      genblk1[21].reg_x REGISTER_N32_707                               32     640.614     0.000      640.614 
      genblk1[20].reg_x REGISTER_N32_708                               32     640.614     0.000      640.614 
      genblk1[19].reg_x REGISTER_N32_709                               32     640.614     0.000      640.614 
      genblk1[18].reg_x REGISTER_N32_710                               32     640.614     0.000      640.614 
      genblk1[17].reg_x REGISTER_N32_711                               32     640.614     0.000      640.614 
      genblk1[16].reg_x REGISTER_N32_712                               32     640.614     0.000      640.614 
      genblk1[15].reg_x REGISTER_N32_713                               32     640.614     0.000      640.614 
      genblk1[14].reg_x REGISTER_N32_714                               32     640.614     0.000      640.614 
      genblk1[13].reg_x REGISTER_N32_715                               32     640.614     0.000      640.614 
      genblk1[12].reg_x REGISTER_N32_716                               32     640.614     0.000      640.614 
      genblk1[11].reg_x REGISTER_N32_717                               32     640.614     0.000      640.614 
      genblk1[10].reg_x REGISTER_N32_718                               32     640.614     0.000      640.614 
      genblk1[9].reg_x  REGISTER_N32_719                               32     640.614     0.000      640.614 
      genblk1[8].reg_x  REGISTER_N32_720                               32     640.614     0.000      640.614 
      genblk1[7].reg_x  REGISTER_N32_721                               32     640.614     0.000      640.614 
      genblk1[6].reg_x  REGISTER_N32_722                               32     640.614     0.000      640.614 
      genblk1[5].reg_x  REGISTER_N32_723                               32     640.614     0.000      640.614 
      genblk1[4].reg_x  REGISTER_N32_724                               32     640.614     0.000      640.614 
      genblk1[3].reg_x  REGISTER_N32_725                               32     640.614     0.000      640.614 
      genblk1[2].reg_x  REGISTER_N32_726                               32     640.614     0.000      640.614 
      genblk1[1].reg_x  REGISTER_N32_727                               32     640.614     0.000      640.614 
      genblk1[0].reg_x  REGISTER_N32                                   32     640.614     0.000      640.614 
    alu                 ALU                                          1133    7950.125  5956.976    13907.101 
    csr_reg             REGISTER_R_CE_N32_737                         132    1641.574   388.888     2030.463 
    JALTarget           JALTargetID                                   141     920.883   549.090     1469.973 
    BranchComp          BranchComp                                    138     935.898   517.763     1453.661 
    MemLoadMasked       MemLoadMask_WIDTH32                           156     914.627   420.824     1335.451 
      res_mux           mux3_N32                                       56     369.104   134.357      503.461 
      b_mux             mux4_N8                                        41     230.221   161.594      391.815 
      h_mux             mux2_N16                                       19     160.154    33.328      193.482 
    rs1_ID_X            REGISTER_R_CE_N32_734                          68     880.845   171.689     1052.533 
    pc_X_WB             REGISTER_R_CE_N32_728                          68     880.845   171.689     1052.533 
    pc_IF_ID            REGISTER_R_CE_N32_736                          68     880.845   171.689     1052.533 
    alu_X_WB            REGISTER_R_CE_N32_730                          67     870.835   115.387      986.222 
    rs2_ID_X            REGISTER_R_CE_N32_733                          67     869.584   115.387      984.971 
    pc_reg              REGISTER_R_CE_N32_INIT32h00002000              67     869.584   115.387      984.971 
    pc_ID_X             REGISTER_R_CE_N32_731                          67     869.584   115.387      984.971 
    imm_ID_X            REGISTER_R_CE_N32_735                          67     869.584   115.387      984.971 
    wb_mux              mux3_N32_4                                     75     660.634   250.093      910.726 
    ImmGen              ImmGen                                        145     718.189   171.776      889.964 
      ImmGenMux         mux4                                           41     306.544   134.705      441.249 
    instr_ID_X          REGISTER_R_CE_N32_732                          60     713.184    91.631      804.815 
    StoreMask           StoreMask_WIDTH32                              65     480.461   247.221      727.682 
    forwarding          ForwardingUnit                                 65     474.205   210.151      684.356 
    pc_sel_mux          mux3_N32_4_169                                 65     451.683   163.248      614.931 
    fw_ID_mux_rs2       mux3_N32_4_171                                 65     451.683   163.248      614.931 
    fw_ID_mux_rs1       mux3_N32_4_170                                 65     451.683   163.248      614.931 
    instr_X_WB          REGISTER_R_CE_N32_729                          50     491.722    57.694      549.415 
    fwd_br_mux_B        mux2_N32_5_167                                 41     387.872    81.798      469.670 
    alu_A_mux           mux2_N32_5_168                                 47     384.118    79.013      463.132 
    alu_B_mux           mux2_N32_5                                     39     384.118    48.557      432.675 
    ctrl_ID_X           REGISTER_R_CE_N16                              30     336.573    44.119      380.691 
    fwd_br_mux_A        mux2_N32_5_166                                 33     314.051    49.688      363.739 
    csr_uImm_ID_X       REGISTER_R_CE_N32_9                            40     261.501    23.756      285.257 
    instr_kill_mux      mux2_N32                                       33     216.458    38.114      254.572 
    CtrlDec             ControlDec                                     29     171.414    73.879      245.294 
    csr_mux_X           mux2_N32_3                                     32     225.216     0.000      225.216 
    ctrl_X_WB           REGISTER_R_CE_N16_1                            22     157.651    16.969      174.620 
    ctrl_kill_mux       mux2_N16_1                                     17      93.840     8.354      102.194 
    PCSelect            PCSelect                                       10      73.821    20.362       94.183 
    pc_select_X_WB      REGISTER_R_CE_N2_1                              4      37.536     6.787       44.323 
    pc_sel_jal_ID_X     REGISTER_R_CE_N2                                4      37.536     6.787       44.323 
    InstrKill           InstrKillID                                     1       6.256     0.000        6.256 
