============================================================
  Generated by:           Genus(TM) Synthesis Solution 19.15-s090_1
  Generated on:           Jun 12 2024  12:27:12 am
  Module:                 riscv_top
  Library domain:         ss_100C_1v60.setup_cond
    Domain index:         0
    Technology libraries: sky130_fd_sc_hd__ss_100C_1v60 1.0000000000
                          sky130_ef_io__gpiov2_pad_wrapped_ss_ss_100C_1v60_3v00 1.0
                          sky130_ef_io__vccd_lvc_clamped3_pad_ss_100C_1v60_3v00_3v00 1.0000000
                          sky130_ef_io__vccd_lvc_clamped_pad_ss_100C_1v60_3v00_3v00 1.0000000
                          sky130_ef_io__vdda_hvc_clamped_pad_ss_100C_1v60_3v00_3v00 1.0000000
                          sky130_ef_io__vddio_hvc_clamped_pad_ss_100C_1v60_3v00_3v00 1.0000000
                          sky130_ef_io__vssa_hvc_clamped_pad_ss_100C_1v60_3v00_3v00 1.0000000
                          sky130_ef_io__vssd_lvc_clamped3_pad_ss_100C_1v60_3v00 1.0
                          sky130_ef_io__vssd_lvc_clamped_pad_ss_100C_1v60_3v00 1.0
                          sky130_ef_io__vssio_hvc_clamped_pad_ss_100C_1v60_3v00_3v00 1.0000000
                          sky130_fd_io__top_gpiov2_ss_ss_100C_1v60_3v00 1.0
                          sky130_fd_io__top_ground_hvc_wpad_ss_100C_1v60_3v00_3v00 1.0000000
                          sky130_fd_io__top_ground_lvc_wpad_ss_100C_1v60_3v00 1.0
                          sky130_fd_io__top_power_hvc_wpad_ss_100C_1v60_3v00_3v00 1.0000000
                          sky130_fd_io__top_power_lvc_wpad_ss_100C_1v60_3v00_3v00 1.0000000
                          sky130_fd_io__top_xres4v2_ss_ss_100C_1v60_3v00 1.0
                          sram22_1024x32m8w8 1.0
                          sram22_64x32m4w32 1.0
                          sram22_1024x32m8w32 1.0
                          sram22_512x32m4w32 1.0
                          sram22_2048x32m8w8 1.0
                          sram22_512x32m4w8 1.0
                          sram22_4096x32m8w8 1.0
                          sram22_64x4m4w2 1.0
                          sram22_256x32m4w8 1.0
                          sram22_4096x8m8w8 1.0
                          sram22_64x32m4w8 1.0
                          sram22_64x24m4w24 1.0
                          sram22_512x64m4w8 1.0
  Operating conditions:   ss_100C_1v60 
  Interconnect mode:      global
  Area mode:              physical library
============================================================

                                                         Leakage                                    Library 
             Gate               Instances     Area      Power (nW)              Library              Domain 
------------------------------------------------------------------------------------------------------------
sky130_fd_sc_hd__a2111oi_0              1        8.758       1.916    sky130_fd_sc_hd__ss_100C_1v60       0 
sky130_fd_sc_hd__a211o_1                2       17.517      17.147    sky130_fd_sc_hd__ss_100C_1v60       0 
sky130_fd_sc_hd__a211oi_1               9       67.565      15.628    sky130_fd_sc_hd__ss_100C_1v60       0 
sky130_fd_sc_hd__a21bo_1                2       20.019      24.920    sky130_fd_sc_hd__ss_100C_1v60       0 
sky130_fd_sc_hd__a21bo_2              132     1321.267    1368.473    sky130_fd_sc_hd__ss_100C_1v60       0 
sky130_fd_sc_hd__a21boi_1               1        7.507       7.440    sky130_fd_sc_hd__ss_100C_1v60       0 
sky130_fd_sc_hd__a21o_1                82      615.590     683.070    sky130_fd_sc_hd__ss_100C_1v60       0 
sky130_fd_sc_hd__a21o_2                28      245.235     247.372    sky130_fd_sc_hd__ss_100C_1v60       0 
sky130_fd_sc_hd__a21oi_1               55      275.264      64.347    sky130_fd_sc_hd__ss_100C_1v60       0 
sky130_fd_sc_hd__a221o_1              230     2302.208     978.000    sky130_fd_sc_hd__ss_100C_1v60       0 
sky130_fd_sc_hd__a221oi_1             264     2312.218     305.293    sky130_fd_sc_hd__ss_100C_1v60       0 
sky130_fd_sc_hd__a222oi_1             121     1211.162     189.339    sky130_fd_sc_hd__ss_100C_1v60       0 
sky130_fd_sc_hd__a22o_1              1615    14144.816    6180.874    sky130_fd_sc_hd__ss_100C_1v60       0 
sky130_fd_sc_hd__a22oi_1              347     2604.998     154.863    sky130_fd_sc_hd__ss_100C_1v60       0 
sky130_fd_sc_hd__a22oi_2                3       37.536       4.637    sky130_fd_sc_hd__ss_100C_1v60       0 
sky130_fd_sc_hd__a22oi_4                1       21.270       3.836    sky130_fd_sc_hd__ss_100C_1v60       0 
sky130_fd_sc_hd__a2bb2oi_1             12      105.101      49.548    sky130_fd_sc_hd__ss_100C_1v60       0 
sky130_fd_sc_hd__a311oi_1               3       26.275       5.844    sky130_fd_sc_hd__ss_100C_1v60       0 
sky130_fd_sc_hd__a31o_2                 1        8.758       4.845    sky130_fd_sc_hd__ss_100C_1v60       0 
sky130_fd_sc_hd__a31oi_1                4       25.024       7.076    sky130_fd_sc_hd__ss_100C_1v60       0 
sky130_fd_sc_hd__a32o_1                 1       10.010       2.981    sky130_fd_sc_hd__ss_100C_1v60       0 
sky130_fd_sc_hd__a32oi_1               11       96.342      17.263    sky130_fd_sc_hd__ss_100C_1v60       0 
sky130_fd_sc_hd__a41o_1                 3       30.029      14.774    sky130_fd_sc_hd__ss_100C_1v60       0 
sky130_fd_sc_hd__a41oi_1                4       35.034       7.768    sky130_fd_sc_hd__ss_100C_1v60       0 
sky130_fd_sc_hd__and2_0               145      907.120     570.496    sky130_fd_sc_hd__ss_100C_1v60       0 
sky130_fd_sc_hd__and2_1                97      606.832     341.159    sky130_fd_sc_hd__ss_100C_1v60       0 
sky130_fd_sc_hd__and2_2                20      150.144      98.780    sky130_fd_sc_hd__ss_100C_1v60       0 
sky130_fd_sc_hd__and2_4                 5       43.792      35.621    sky130_fd_sc_hd__ss_100C_1v60       0 
sky130_fd_sc_hd__and2b_1               67      502.982     536.889    sky130_fd_sc_hd__ss_100C_1v60       0 
sky130_fd_sc_hd__and2b_2                2       17.517      14.026    sky130_fd_sc_hd__ss_100C_1v60       0 
sky130_fd_sc_hd__and2b_4                1       10.010       8.304    sky130_fd_sc_hd__ss_100C_1v60       0 
sky130_fd_sc_hd__and3_1                 7       43.792      42.720    sky130_fd_sc_hd__ss_100C_1v60       0 
sky130_fd_sc_hd__and3_2                 2       15.014      13.507    sky130_fd_sc_hd__ss_100C_1v60       0 
sky130_fd_sc_hd__and3b_1                7       61.309      61.563    sky130_fd_sc_hd__ss_100C_1v60       0 
sky130_fd_sc_hd__and4_1                 5       43.792      22.356    sky130_fd_sc_hd__ss_100C_1v60       0 
sky130_fd_sc_hd__and4b_1                1       10.010       5.772    sky130_fd_sc_hd__ss_100C_1v60       0 
sky130_fd_sc_hd__and4b_2                2       22.522      13.613    sky130_fd_sc_hd__ss_100C_1v60       0 
sky130_fd_sc_hd__buf_1                 11       41.290      48.330    sky130_fd_sc_hd__ss_100C_1v60       0 
sky130_fd_sc_hd__buf_12                 2       40.038      31.333    sky130_fd_sc_hd__ss_100C_1v60       0 
sky130_fd_sc_hd__buf_2                309     1546.483    1744.700    sky130_fd_sc_hd__ss_100C_1v60       0 
sky130_fd_sc_hd__buf_4                  1        7.507       7.567    sky130_fd_sc_hd__ss_100C_1v60       0 
sky130_fd_sc_hd__buf_6                  6       67.565      57.594    sky130_fd_sc_hd__ss_100C_1v60       0 
sky130_fd_sc_hd__buf_8                158     2372.275    1883.791    sky130_fd_sc_hd__ss_100C_1v60       0 
sky130_fd_sc_hd__bufinv_16              1       30.029      24.501    sky130_fd_sc_hd__ss_100C_1v60       0 
sky130_fd_sc_hd__clkbuf_1              19       71.318      83.478    sky130_fd_sc_hd__ss_100C_1v60       0 
sky130_fd_sc_hd__clkinv_1              34      127.622     113.627    sky130_fd_sc_hd__ss_100C_1v60       0 
sky130_fd_sc_hd__clkinv_2               1        5.005       1.100    sky130_fd_sc_hd__ss_100C_1v60       0 
sky130_fd_sc_hd__clkinv_4               1        8.758       6.125    sky130_fd_sc_hd__ss_100C_1v60       0 
sky130_fd_sc_hd__clkinv_8              10      162.656     105.740    sky130_fd_sc_hd__ss_100C_1v60       0 
sky130_fd_sc_hd__conb_1               674     2529.926       2.044    sky130_fd_sc_hd__ss_100C_1v60       0 
sky130_fd_sc_hd__dfxtp_1             1476    29548.339   20954.131    sky130_fd_sc_hd__ss_100C_1v60       0 
sky130_fd_sc_hd__dfxtp_2                7      148.893     105.963    sky130_fd_sc_hd__ss_100C_1v60       0 
sky130_fd_sc_hd__dlxtn_1              128     1921.843    1553.732    sky130_fd_sc_hd__ss_100C_1v60       0 
sky130_fd_sc_hd__dlxtp_1              128     1921.843    1512.613    sky130_fd_sc_hd__ss_100C_1v60       0 
sky130_fd_sc_hd__dlygate4sd1_1         20      175.168     199.556    sky130_fd_sc_hd__ss_100C_1v60       0 
sky130_fd_sc_hd__edfxtp_1               3       90.086      58.209    sky130_fd_sc_hd__ss_100C_1v60       0 
sky130_fd_sc_hd__fa_1                   7      140.134      81.291    sky130_fd_sc_hd__ss_100C_1v60       0 
sky130_fd_sc_hd__ha_1                  46      575.552     485.571    sky130_fd_sc_hd__ss_100C_1v60       0 
sky130_fd_sc_hd__inv_1                136      510.490     674.856    sky130_fd_sc_hd__ss_100C_1v60       0 
sky130_fd_sc_hd__inv_12                 2       32.531      25.241    sky130_fd_sc_hd__ss_100C_1v60       0 
sky130_fd_sc_hd__inv_16                49      980.941     853.361    sky130_fd_sc_hd__ss_100C_1v60       0 
sky130_fd_sc_hd__inv_2                142      533.011     466.540    sky130_fd_sc_hd__ss_100C_1v60       0 
sky130_fd_sc_hd__inv_4                  6       37.536      33.543    sky130_fd_sc_hd__ss_100C_1v60       0 
sky130_fd_sc_hd__inv_6                  1        8.758       5.852    sky130_fd_sc_hd__ss_100C_1v60       0 
sky130_fd_sc_hd__inv_8                  3       33.782      29.226    sky130_fd_sc_hd__ss_100C_1v60       0 
sky130_fd_sc_hd__maj3_1                 9       90.086      37.986    sky130_fd_sc_hd__ss_100C_1v60       0 
sky130_fd_sc_hd__mux2_1                 6       67.565      23.192    sky130_fd_sc_hd__ss_100C_1v60       0 
sky130_fd_sc_hd__mux2_2               163     1835.510    1128.996    sky130_fd_sc_hd__ss_100C_1v60       0 
sky130_fd_sc_hd__mux2_4                 1       15.014       9.257    sky130_fd_sc_hd__ss_100C_1v60       0 
sky130_fd_sc_hd__mux2i_1              160     1601.536     547.456    sky130_fd_sc_hd__ss_100C_1v60       0 
sky130_fd_sc_hd__nand2_1              369     1385.078     912.930    sky130_fd_sc_hd__ss_100C_1v60       0 
sky130_fd_sc_hd__nand2_2               18      112.608     112.325    sky130_fd_sc_hd__ss_100C_1v60       0 
sky130_fd_sc_hd__nand2_4                8       90.086      78.046    sky130_fd_sc_hd__ss_100C_1v60       0 
sky130_fd_sc_hd__nand2_8                3       60.058      47.959    sky130_fd_sc_hd__ss_100C_1v60       0 
sky130_fd_sc_hd__nand2b_1             129      807.024     433.433    sky130_fd_sc_hd__ss_100C_1v60       0 
sky130_fd_sc_hd__nand2b_2               2       17.517       6.496    sky130_fd_sc_hd__ss_100C_1v60       0 
sky130_fd_sc_hd__nand3_1               10       50.048      25.682    sky130_fd_sc_hd__ss_100C_1v60       0 
sky130_fd_sc_hd__nand3b_1               9       67.565      15.503    sky130_fd_sc_hd__ss_100C_1v60       0 
sky130_fd_sc_hd__nand4_1              144      900.864    1045.041    sky130_fd_sc_hd__ss_100C_1v60       0 
sky130_fd_sc_hd__nand4b_1               4       35.034      15.791    sky130_fd_sc_hd__ss_100C_1v60       0 
sky130_fd_sc_hd__nor2_1               149      559.286     328.998    sky130_fd_sc_hd__ss_100C_1v60       0 
sky130_fd_sc_hd__nor2_2                 1        6.256       3.002    sky130_fd_sc_hd__ss_100C_1v60       0 
sky130_fd_sc_hd__nor2_4                 3       33.782      20.976    sky130_fd_sc_hd__ss_100C_1v60       0 
sky130_fd_sc_hd__nor2b_1              762     4767.072    2347.799    sky130_fd_sc_hd__ss_100C_1v60       0 
sky130_fd_sc_hd__nor3_1                14       70.067      23.429    sky130_fd_sc_hd__ss_100C_1v60       0 
sky130_fd_sc_hd__nor3b_1               22      165.158      41.507    sky130_fd_sc_hd__ss_100C_1v60       0 
sky130_fd_sc_hd__nor4_1                17      106.352      23.701    sky130_fd_sc_hd__ss_100C_1v60       0 
sky130_fd_sc_hd__nor4b_1                2       17.517       2.003    sky130_fd_sc_hd__ss_100C_1v60       0 
sky130_fd_sc_hd__nor4bb_1               3       30.029       7.121    sky130_fd_sc_hd__ss_100C_1v60       0 
sky130_fd_sc_hd__o2111ai_1             10       87.584      31.960    sky130_fd_sc_hd__ss_100C_1v60       0 
sky130_fd_sc_hd__o211a_2                6       60.058      34.174    sky130_fd_sc_hd__ss_100C_1v60       0 
sky130_fd_sc_hd__o211ai_1               2       15.014       8.123    sky130_fd_sc_hd__ss_100C_1v60       0 
sky130_fd_sc_hd__o21a_1                22      165.158      63.029    sky130_fd_sc_hd__ss_100C_1v60       0 
sky130_fd_sc_hd__o21a_2                 1        8.758       4.311    sky130_fd_sc_hd__ss_100C_1v60       0 
sky130_fd_sc_hd__o21ai_1               99      495.475     386.216    sky130_fd_sc_hd__ss_100C_1v60       0 
sky130_fd_sc_hd__o21ai_2                9       78.826      42.531    sky130_fd_sc_hd__ss_100C_1v60       0 
sky130_fd_sc_hd__o21ba_1                1       10.010       4.366    sky130_fd_sc_hd__ss_100C_1v60       0 
sky130_fd_sc_hd__o221a_1                6       67.565      25.129    sky130_fd_sc_hd__ss_100C_1v60       0 
sky130_fd_sc_hd__o221a_2                1       11.261       4.323    sky130_fd_sc_hd__ss_100C_1v60       0 
sky130_fd_sc_hd__o221ai_1              41      359.094     125.109    sky130_fd_sc_hd__ss_100C_1v60       0 
sky130_fd_sc_hd__o22a_1                 3       26.275       6.817    sky130_fd_sc_hd__ss_100C_1v60       0 
sky130_fd_sc_hd__o22ai_1               47      294.032      90.636    sky130_fd_sc_hd__ss_100C_1v60       0 
sky130_fd_sc_hd__o2bb2ai_1             19      166.410      47.549    sky130_fd_sc_hd__ss_100C_1v60       0 
sky130_fd_sc_hd__o2bb2ai_2              1       15.014       3.779    sky130_fd_sc_hd__ss_100C_1v60       0 
sky130_fd_sc_hd__o311a_1                1       10.010       2.845    sky130_fd_sc_hd__ss_100C_1v60       0 
sky130_fd_sc_hd__o311ai_1               3       26.275       9.353    sky130_fd_sc_hd__ss_100C_1v60       0 
sky130_fd_sc_hd__o31ai_1                6       45.043      15.508    sky130_fd_sc_hd__ss_100C_1v60       0 
sky130_fd_sc_hd__o41ai_1                4       35.034       8.759    sky130_fd_sc_hd__ss_100C_1v60       0 
sky130_fd_sc_hd__or2_0                 27      168.912      99.199    sky130_fd_sc_hd__ss_100C_1v60       0 
sky130_fd_sc_hd__or2_1                 16      100.096      57.012    sky130_fd_sc_hd__ss_100C_1v60       0 
sky130_fd_sc_hd__or2_2                 40      250.240     179.633    sky130_fd_sc_hd__ss_100C_1v60       0 
sky130_fd_sc_hd__or2_4                  1        8.758       7.044    sky130_fd_sc_hd__ss_100C_1v60       0 
sky130_fd_sc_hd__or2b_1                17      127.622      91.205    sky130_fd_sc_hd__ss_100C_1v60       0 
sky130_fd_sc_hd__or2b_2                 1        8.758      14.081    sky130_fd_sc_hd__ss_100C_1v60       0 
sky130_fd_sc_hd__or3_1                  9       56.304      32.045    sky130_fd_sc_hd__ss_100C_1v60       0 
sky130_fd_sc_hd__or3b_1                 4       35.034      24.086    sky130_fd_sc_hd__ss_100C_1v60       0 
sky130_fd_sc_hd__or3b_2                 1        8.758       5.149    sky130_fd_sc_hd__ss_100C_1v60       0 
sky130_fd_sc_hd__or4_1                 66      495.475     433.759    sky130_fd_sc_hd__ss_100C_1v60       0 
sky130_fd_sc_hd__sdlclkp_1             18      337.824     282.365    sky130_fd_sc_hd__ss_100C_1v60       0 
sky130_fd_sc_hd__xnor2_1              131     1147.350     325.772    sky130_fd_sc_hd__ss_100C_1v60       0 
sky130_fd_sc_hd__xor2_1                82      718.189     552.405    sky130_fd_sc_hd__ss_100C_1v60       0 
sram22_256x32m4w8                       8   838025.978  560880.000    sram22_256x32m4w8                   0 
sram22_64x32m4w32                       2   150461.469  140104.797    sram22_64x32m4w32                   0 
------------------------------------------------------------------------------------------------------------
total                                9387  1078472.500  754513.373                                  


                                                                 Leakage  Leakage 
           Library            Instances Instances %    Area    Power (nW) Power % 
----------------------------------------------------------------------------------
sky130_fd_sc_hd__ss_100C_1v60      9377        99.9  89985.053  53528.577     7.1 
sram22_256x32m4w8                     8         0.1 838025.978 560880.000    74.3 
sram22_64x32m4w32                     2         0.0 150461.469 140104.797    18.6 

                                                            Leakage  Leakage 
            Type             Instances     Area    Area % Power (nW) Power % 
-----------------------------------------------------------------------------
timing_model                        10  988487.447   91.7 700984.797    92.9 
sequential                        1742   33631.005    3.1  24184.648     3.2 
inverter                           386    2471.120    0.2   2339.712     0.3 
buffer                             526    4321.645    0.4   4056.349     0.5 
clock_gating_integrated_cell        18     337.824    0.0    282.365     0.0 
logic                             6705   49223.459    4.6  22665.503     3.0 
physical_cells                       0       0.000    0.0      0.000     0.0 
-----------------------------------------------------------------------------
total                             9387 1078472.500  100.0 754513.373   100.0 

